AutoDock Vina v1.2.7
#################################################################
# If you used AutoDock Vina in your work, please cite:          #
#                                                               #
# J. Eberhardt, D. Santos-Martins, A. F. Tillack, and S. Forli  #
# AutoDock Vina 1.2.0: New Docking Methods, Expanded Force      #
# Field, and Python Bindings, J. Chem. Inf. Model. (2021)       #
# DOI 10.1021/acs.jcim.1c00203                                  #
#                                                               #
# O. Trott, A. J. Olson,                                        #
# AutoDock Vina: improving the speed and accuracy of docking    #
# with a new scoring function, efficient optimization and       #
# multithreading, J. Comp. Chem. (2010)                         #
# DOI 10.1002/jcc.21334                                         #
#                                                               #
# Please see https://github.com/ccsb-scripps/AutoDock-Vina for  #
# more information.                                             #
#################################################################

Scoring function : vina
Rigid receptor: C:\Users\rayya\OneDrive\Documents\ligands\proteins_pdb\prepared\7rpb.pdbqt
Ligand: C:\Users\rayya\OneDrive\Documents\ligands\antibiotics\antibiotics_pdbqt_minimal\Doripenem_73303.pdbqt
Grid center: X 0.75 Y 34.5 Z -11.01
Grid size  : X 30 Y 30 Z 30
Grid space : 0.375
Exhaustiveness: 8
CPU: 0
Verbosity: 1

Computing Vina grid ... done.
Performing docking (random seed: -1198978833) ... 
0%   10   20   30   40   50   60   70   80   90   100%
|----|----|----|----|----|----|----|----|----|----|
***************************************************

mode |   affinity | dist from best mode
     | (kcal/mol) | rmsd l.b.| rmsd u.b.
-----+------------+----------+----------
   1       -8.065          0          0
   2       -7.342      4.349      7.301
   3       -7.125      1.538      1.818
   4       -7.094      4.515      9.476
   5           -7      3.862      8.977
   6       -6.779      7.249      11.03
   7        -6.75      2.258      2.932
   8       -6.646      4.232      9.017
   9       -6.298      8.197       12.7
