AutoDock Vina v1.2.7
#################################################################
# If you used AutoDock Vina in your work, please cite:          #
#                                                               #
# J. Eberhardt, D. Santos-Martins, A. F. Tillack, and S. Forli  #
# AutoDock Vina 1.2.0: New Docking Methods, Expanded Force      #
# Field, and Python Bindings, J. Chem. Inf. Model. (2021)       #
# DOI 10.1021/acs.jcim.1c00203                                  #
#                                                               #
# O. Trott, A. J. Olson,                                        #
# AutoDock Vina: improving the speed and accuracy of docking    #
# with a new scoring function, efficient optimization and       #
# multithreading, J. Comp. Chem. (2010)                         #
# DOI 10.1002/jcc.21334                                         #
#                                                               #
# Please see https://github.com/ccsb-scripps/AutoDock-Vina for  #
# more information.                                             #
#################################################################

Scoring function : vina
Rigid receptor: C:\Users\rayya\OneDrive\Documents\ligands\proteins_pdb\prepared\7rpb.pdbqt
Ligand: C:\Users\rayya\OneDrive\Documents\ligands\antibiotics\antibiotics_pdbqt_minimal\Ertapenem_150610.pdbqt
Grid center: X 0.75 Y 34.5 Z -11.01
Grid size  : X 30 Y 30 Z 30
Grid space : 0.375
Exhaustiveness: 8
CPU: 0
Verbosity: 1

Computing Vina grid ... done.
Performing docking (random seed: 1011219189) ... 
0%   10   20   30   40   50   60   70   80   90   100%
|----|----|----|----|----|----|----|----|----|----|
***************************************************

mode |   affinity | dist from best mode
     | (kcal/mol) | rmsd l.b.| rmsd u.b.
-----+------------+----------+----------
   1       -8.985          0          0
   2       -8.808      4.129      10.36
   3       -8.561      3.914      10.99
   4       -8.234      3.677      10.71
   5       -8.128      3.538      10.27
   6       -8.095      2.361      9.299
   7       -8.081       3.47       10.6
   8       -7.985      4.198      8.853
   9       -7.973      2.824      7.362
