AutoDock Vina v1.2.7
#################################################################
# If you used AutoDock Vina in your work, please cite:          #
#                                                               #
# J. Eberhardt, D. Santos-Martins, A. F. Tillack, and S. Forli  #
# AutoDock Vina 1.2.0: New Docking Methods, Expanded Force      #
# Field, and Python Bindings, J. Chem. Inf. Model. (2021)       #
# DOI 10.1021/acs.jcim.1c00203                                  #
#                                                               #
# O. Trott, A. J. Olson,                                        #
# AutoDock Vina: improving the speed and accuracy of docking    #
# with a new scoring function, efficient optimization and       #
# multithreading, J. Comp. Chem. (2010)                         #
# DOI 10.1002/jcc.21334                                         #
#                                                               #
# Please see https://github.com/ccsb-scripps/AutoDock-Vina for  #
# more information.                                             #
#################################################################

Scoring function : vina
Rigid receptor: C:\Users\rayya\OneDrive\Documents\ligands\proteins_pdb\prepared\7rpb.pdbqt
Ligand: C:\Users\rayya\OneDrive\Documents\ligands\antibiotics\antibiotics_pdbqt_minimal\Ampicillin_6249.pdbqt
Grid center: X 0.75 Y 34.5 Z -11.01
Grid size  : X 30 Y 30 Z 30
Grid space : 0.375
Exhaustiveness: 8
CPU: 0
Verbosity: 1

Computing Vina grid ... done.
Performing docking (random seed: 405911504) ... 
0%   10   20   30   40   50   60   70   80   90   100%
|----|----|----|----|----|----|----|----|----|----|
***************************************************

mode |   affinity | dist from best mode
     | (kcal/mol) | rmsd l.b.| rmsd u.b.
-----+------------+----------+----------
   1       -7.716          0          0
   2       -7.641      2.354      3.532
   3       -7.517       1.49      2.122
   4       -7.397      2.847      7.411
   5       -7.023       3.86      8.056
   6       -7.019      1.108      1.343
   7       -6.588      4.197      5.526
   8       -6.543      2.405      7.512
   9       -6.367      4.004      8.759
