AutoDock Vina v1.2.7
#################################################################
# If you used AutoDock Vina in your work, please cite:          #
#                                                               #
# J. Eberhardt, D. Santos-Martins, A. F. Tillack, and S. Forli  #
# AutoDock Vina 1.2.0: New Docking Methods, Expanded Force      #
# Field, and Python Bindings, J. Chem. Inf. Model. (2021)       #
# DOI 10.1021/acs.jcim.1c00203                                  #
#                                                               #
# O. Trott, A. J. Olson,                                        #
# AutoDock Vina: improving the speed and accuracy of docking    #
# with a new scoring function, efficient optimization and       #
# multithreading, J. Comp. Chem. (2010)                         #
# DOI 10.1002/jcc.21334                                         #
#                                                               #
# Please see https://github.com/ccsb-scripps/AutoDock-Vina for  #
# more information.                                             #
#################################################################

Scoring function : vina
Rigid receptor: C:\Users\rayya\OneDrive\Documents\ligands\proteins_pdb\prepared\7rpb.pdbqt
Ligand: C:\Users\rayya\OneDrive\Documents\ligands\antibiotics\antibiotics_pdbqt_minimal\Cefotaxime_5742673.pdbqt
Grid center: X 0.75 Y 34.5 Z -11.01
Grid size  : X 30 Y 30 Z 30
Grid space : 0.375
Exhaustiveness: 8
CPU: 0
Verbosity: 1

Computing Vina grid ... done.
Performing docking (random seed: -1282844464) ... 
0%   10   20   30   40   50   60   70   80   90   100%
|----|----|----|----|----|----|----|----|----|----|
***************************************************

mode |   affinity | dist from best mode
     | (kcal/mol) | rmsd l.b.| rmsd u.b.
-----+------------+----------+----------
   1       -7.373          0          0
   2       -7.196      3.267      8.967
   3       -7.023      3.482      9.276
   4       -6.663      1.701      3.133
   5        -6.61      3.367      8.556
   6       -6.582      6.078      11.48
   7       -6.515      7.088      11.27
   8       -6.252      2.694      4.353
   9       -6.136      3.805      9.599
